d:\workspace\futureme\projects\rendering\gaengine\gaengine\vendor\glfw\bin\debug-windows-x86_64\glfw\glfw.pdb
d:\workspace\futureme\projects\rendering\gaengine\gaengine\vendor\glfw\bin\debug-windows-x86_64\glfw\glfw.idb
d:\workspace\futureme\projects\rendering\gaengine\gaengine\vendor\glfw\bin-int\debug-windows-x86_64\glfw\win32_window.obj
d:\workspace\futureme\projects\rendering\gaengine\gaengine\vendor\glfw\bin-int\debug-windows-x86_64\glfw\win32_time.obj
d:\workspace\futureme\projects\rendering\gaengine\gaengine\vendor\glfw\bin-int\debug-windows-x86_64\glfw\win32_thread.obj
d:\workspace\futureme\projects\rendering\gaengine\gaengine\vendor\glfw\bin-int\debug-windows-x86_64\glfw\win32_monitor.obj
d:\workspace\futureme\projects\rendering\gaengine\gaengine\vendor\glfw\bin-int\debug-windows-x86_64\glfw\win32_module.obj
d:\workspace\futureme\projects\rendering\gaengine\gaengine\vendor\glfw\bin-int\debug-windows-x86_64\glfw\win32_joystick.obj
d:\workspace\futureme\projects\rendering\gaengine\gaengine\vendor\glfw\bin-int\debug-windows-x86_64\glfw\win32_init.obj
d:\workspace\futureme\projects\rendering\gaengine\gaengine\vendor\glfw\bin-int\debug-windows-x86_64\glfw\wgl_context.obj
d:\workspace\futureme\projects\rendering\gaengine\gaengine\vendor\glfw\bin-int\debug-windows-x86_64\glfw\vulkan.obj
d:\workspace\futureme\projects\rendering\gaengine\gaengine\vendor\glfw\bin-int\debug-windows-x86_64\glfw\platform.obj
d:\workspace\futureme\projects\rendering\gaengine\gaengine\vendor\glfw\bin-int\debug-windows-x86_64\glfw\osmesa_context.obj
d:\workspace\futureme\projects\rendering\gaengine\gaengine\vendor\glfw\bin-int\debug-windows-x86_64\glfw\null_window.obj
d:\workspace\futureme\projects\rendering\gaengine\gaengine\vendor\glfw\bin-int\debug-windows-x86_64\glfw\null_monitor.obj
d:\workspace\futureme\projects\rendering\gaengine\gaengine\vendor\glfw\bin-int\debug-windows-x86_64\glfw\null_joystick.obj
d:\workspace\futureme\projects\rendering\gaengine\gaengine\vendor\glfw\bin-int\debug-windows-x86_64\glfw\null_init.obj
d:\workspace\futureme\projects\rendering\gaengine\gaengine\vendor\glfw\bin-int\debug-windows-x86_64\glfw\monitor.obj
d:\workspace\futureme\projects\rendering\gaengine\gaengine\vendor\glfw\bin-int\debug-windows-x86_64\glfw\input.obj
d:\workspace\futureme\projects\rendering\gaengine\gaengine\vendor\glfw\bin-int\debug-windows-x86_64\glfw\init.obj
d:\workspace\futureme\projects\rendering\gaengine\gaengine\vendor\glfw\bin-int\debug-windows-x86_64\glfw\egl_context.obj
d:\workspace\futureme\projects\rendering\gaengine\gaengine\vendor\glfw\bin-int\debug-windows-x86_64\glfw\context.obj
d:\workspace\futureme\projects\rendering\gaengine\gaengine\vendor\glfw\bin-int\debug-windows-x86_64\glfw\window.obj
d:\workspace\futureme\projects\rendering\gaengine\gaengine\vendor\glfw\bin\debug-windows-x86_64\glfw\glfw.lib
d:\workspace\futureme\projects\rendering\gaengine\gaengine\vendor\glfw\bin-int\debug-windows-x86_64\glfw\glfw.tlog\cl.command.1.tlog
d:\workspace\futureme\projects\rendering\gaengine\gaengine\vendor\glfw\bin-int\debug-windows-x86_64\glfw\glfw.tlog\cl.read.1.tlog
d:\workspace\futureme\projects\rendering\gaengine\gaengine\vendor\glfw\bin-int\debug-windows-x86_64\glfw\glfw.tlog\cl.write.1.tlog
d:\workspace\futureme\projects\rendering\gaengine\gaengine\vendor\glfw\bin-int\debug-windows-x86_64\glfw\glfw.tlog\lib-link.read.1.tlog
d:\workspace\futureme\projects\rendering\gaengine\gaengine\vendor\glfw\bin-int\debug-windows-x86_64\glfw\glfw.tlog\lib-link.write.1.tlog
d:\workspace\futureme\projects\rendering\gaengine\gaengine\vendor\glfw\bin-int\debug-windows-x86_64\glfw\glfw.tlog\lib.command.1.tlog
